2021-04-20 17:46:35,293:DEBUG:discord.client: on_ready has successfully been registered as an event
2021-04-20 17:46:35,311:INFO:discord.client: logging in using static token
2021-04-20 17:46:35,872:DEBUG:discord.http: GET https://discord.com/api/v7/users/@me with None has returned 200
2021-04-20 17:46:35,872:DEBUG:discord.http: GET https://discord.com/api/v7/users/@me has received {'id': '831551970300133429', 'username': 'Currency Bot', 'avatar': '08ff86ea47a8f124557b31b49c758ce8', 'discriminator': '1242', 'public_flags': 0, 'flags': 0, 'bot': True, 'locale': 'en-US', 'mfa_enabled': False, 'email': None, 'verified': True}
2021-04-20 17:46:35,986:DEBUG:discord.http: GET https://discord.com/api/v7/gateway with None has returned 200
2021-04-20 17:46:35,986:DEBUG:discord.http: GET https://discord.com/api/v7/gateway has received {'url': 'wss://gateway.discord.gg'}
2021-04-20 17:46:36,493:DEBUG:discord.gateway: Created websocket connected to wss://gateway.discord.gg?encoding=json&v=6&compress=zlib-stream
2021-04-20 17:46:36,495:DEBUG:discord.client: Dispatching event socket_raw_receive
2021-04-20 17:46:36,496:DEBUG:discord.gateway: For Shard ID None: WebSocket Event: {'t': None, 's': None, 'op': 10, 'd': {'heartbeat_interval': 41250, '_trace': ['["gateway-prd-main-m31m",{"micros":0.0}]']}}
2021-04-20 17:46:36,496:DEBUG:discord.client: Dispatching event socket_response
2021-04-20 17:46:36,502:DEBUG:discord.client: Dispatching event socket_raw_send
2021-04-20 17:46:36,519:DEBUG:discord.client: Dispatching event socket_raw_send
2021-04-20 17:46:36,521:INFO:discord.gateway: Shard ID None has sent the IDENTIFY payload.
2021-04-20 17:46:36,726:DEBUG:discord.client: Dispatching event socket_raw_receive
2021-04-20 17:46:36,726:DEBUG:discord.gateway: For Shard ID None: WebSocket Event: {'t': None, 's': None, 'op': 11, 'd': None}
2021-04-20 17:46:36,726:DEBUG:discord.client: Dispatching event socket_response
2021-04-20 17:46:36,863:DEBUG:discord.client: Dispatching event socket_raw_receive
2021-04-20 17:46:36,863:DEBUG:discord.gateway: For Shard ID None: WebSocket Event: {'t': 'READY', 's': 1, 'op': 0, 'd': {'v': 6, 'user_settings': {}, 'user': {'verified': True, 'username': 'Currency Bot', 'mfa_enabled': False, 'id': '831551970300133429', 'flags': 0, 'email': None, 'discriminator': '1242', 'bot': True, 'avatar': '08ff86ea47a8f124557b31b49c758ce8'}, 'session_id': 'c1caef279e7c4e2264759f7d6c0ac0b2', 'relationships': [], 'private_channels': [], 'presences': [], 'guilds': [{'unavailable': True, 'id': '831203085790478386'}, {'unavailable': True, 'id': '834043659024203836'}], 'guild_join_requests': [], 'geo_ordered_rtc_regions': ['russia', 'europe', 'india', 'southafrica', 'us-east'], 'application': {'id': '831551970300133429', 'flags': 0}, '_trace': ['["gateway-prd-main-m31m",{"micros":71616,"calls":["discord-sessions-prd-2-162",{"micros":69158,"calls":["start_session",{"micros":47543,"calls":["api-prd-main-l3t5",{"micros":44013,"calls":["get_user",{"micros":3051},"add_authorized_ip",{"micros":1487},"get_guilds",{"micros":5961},"coros_wait",{"micros":1}]}]},"guilds_connect",{"micros":2,"calls":[]},"presence_connect",{"micros":18775,"calls":[]}]}]}]']}}
2021-04-20 17:46:36,864:DEBUG:discord.client: Dispatching event socket_response
2021-04-20 17:46:36,864:INFO:discord.gateway: Shard ID None has connected to Gateway: ["gateway-prd-main-m31m",{"micros":71616,"calls":["discord-sessions-prd-2-162",{"micros":69158,"calls":["start_session",{"micros":47543,"calls":["api-prd-main-l3t5",{"micros":44013,"calls":["get_user",{"micros":3051},"add_authorized_ip",{"micros":1487},"get_guilds",{"micros":5961},"coros_wait",{"micros":1}]}]},"guilds_connect",{"micros":2,"calls":[]},"presence_connect",{"micros":18775,"calls":[]}]}]}] (Session ID: c1caef279e7c4e2264759f7d6c0ac0b2).
2021-04-20 17:46:36,892:DEBUG:discord.client: Dispatching event connect
2021-04-20 17:46:36,893:DEBUG:discord.client: Dispatching event socket_raw_receive
2021-04-20 17:46:36,893:DEBUG:discord.gateway: For Shard ID None: WebSocket Event: {'t': 'GUILD_CREATE', 's': 2, 'op': 0, 'd': {'rules_channel_id': None, 'preferred_locale': 'en-US', 'afk_timeout': 300, 'lazy': True, 'member_count': 2, 'max_members': 100000, 'vanity_url_code': None, 'banner': None, 'large': False, 'channels': [{'type': 4, 'position': 0, 'permission_overwrites': [], 'name': 'Text Channels', 'id': '834043659518607360'}, {'type': 4, 'position': 0, 'permission_overwrites': [], 'name': 'Voice Channels', 'id': '834043659518607361'}, {'type': 0, 'topic': None, 'rate_limit_per_user': 0, 'position': 0, 'permission_overwrites': [], 'parent_id': '834043659518607360', 'name': 'general', 'last_message_id': '834046931683770388', 'id': '834043659518607362'}, {'user_limit': 0, 'type': 2, 'rtc_region': None, 'position': 0, 'permission_overwrites': [], 'parent_id': '834043659518607361', 'name': 'General', 'id': '834043659518607363', 'bitrate': 64000}], 'application_id': None, 'verification_level': 0, 'premium_subscription_count': 0, 'guild_hashes': {'version': 1, 'roles': {'omitted': False, 'hash': 'C6Y0E1XINmU'}, 'metadata': {'omitted': False, 'hash': '1ECghUL6h2s'}, 'channels': {'omitted': False, 'hash': '92tjdT9m6oI'}}, 'voice_states': [], 'system_channel_flags': 0, 'max_video_channel_users': 25, 'name': 'Currency Bot Testing', 'explicit_content_filter': 0, 'emojis': [], 'public_updates_channel_id': None, 'splash': None, 'region': 'russia', 'mfa_level': 0, 'afk_channel_id': None, 'features': [], 'system_channel_id': '834043659518607362', 'description': None, 'members': [{'user': {'username': 'Currency Bot', 'id': '831551970300133429', 'discriminator': '1242', 'bot': True, 'avatar': '08ff86ea47a8f124557b31b49c758ce8'}, 'roles': ['834046931029721119'], 'premium_since': None, 'pending': False, 'nick': None, 'mute': False, 'joined_at': '2021-04-20T12:44:44.236195+00:00', 'is_pending': False, 'hoisted_role': None, 'deaf': False}], 'default_message_notifications': 0, 'nsfw': False, 'owner_id': '202700584661417984', 'icon': 'e9f34bcc6b598c641a174b491794bf77', 'joined_at': '2021-04-20T12:44:44.236195+00:00', 'roles': [{'position': 0, 'permissions_new': '6546771521', 'permissions': 104320577, 'name': '@everyone', 'mentionable': False, 'managed': False, 'id': '834043659024203836', 'hoist': False, 'color': 0}, {'tags': {'bot_id': '831551970300133429'}, 'position': 1, 'permissions_new': '8', 'permissions': 8, 'name': 'Currency', 'mentionable': False, 'managed': True, 'id': '834046931029721119', 'hoist': False, 'color': 0}], 'unavailable': False, 'presences': [], 'stage_instances': [], 'threads': [], 'premium_tier': 0, 'discovery_splash': None, 'id': '834043659024203836'}}
2021-04-20 17:46:36,893:DEBUG:discord.client: Dispatching event socket_response
2021-04-20 17:46:36,895:DEBUG:discord.client: Dispatching event socket_raw_receive
2021-04-20 17:46:36,895:DEBUG:discord.gateway: For Shard ID None: WebSocket Event: {'t': 'GUILD_CREATE', 's': 3, 'op': 0, 'd': {'rules_channel_id': None, 'preferred_locale': 'en-US', 'afk_timeout': 300, 'lazy': True, 'member_count': 4, 'max_members': 100000, 'vanity_url_code': None, 'banner': None, 'large': False, 'channels': [{'type': 4, 'position': 0, 'permission_overwrites': [], 'name': 'Metin Kanalları', 'id': '831203086294974524'}, {'type': 4, 'position': 0, 'permission_overwrites': [], 'name': 'Ses Kanalları', 'id': '831203086294974525'}, {'type': 0, 'topic': None, 'rate_limit_per_user': 0, 'position': 0, 'permission_overwrites': [], 'parent_id': '831203086294974524', 'name': 'genel', 'last_message_id': '834076261784879124', 'id': '831203086294974526'}, {'user_limit': 0, 'type': 2, 'rtc_region': None, 'position': 0, 'permission_overwrites': [], 'parent_id': '831203086294974525', 'name': 'Genel', 'id': '831203086294974527', 'bitrate': 64000}], 'application_id': None, 'verification_level': 0, 'premium_subscription_count': 0, 'guild_hashes': {'version': 1, 'roles': {'omitted': False, 'hash': 'yRyr9sMz5vg'}, 'metadata': {'omitted': False, 'hash': 'sA1xh5GnLW8'}, 'channels': {'omitted': False, 'hash': 'OpfmC3PUBMM'}}, 'voice_states': [], 'system_channel_flags': 0, 'max_video_channel_users': 25, 'name': 'Bot test', 'explicit_content_filter': 0, 'emojis': [], 'public_updates_channel_id': None, 'splash': None, 'region': 'russia', 'mfa_level': 0, 'afk_channel_id': None, 'features': [], 'system_channel_id': '831203086294974526', 'description': None, 'members': [{'user': {'username': 'Currency Bot', 'id': '831551970300133429', 'discriminator': '1242', 'bot': True, 'avatar': '08ff86ea47a8f124557b31b49c758ce8'}, 'roles': ['834046821491802182'], 'premium_since': None, 'pending': False, 'nick': None, 'mute': False, 'joined_at': '2021-04-20T12:44:18.118918+00:00', 'is_pending': False, 'hoisted_role': None, 'deaf': False}], 'default_message_notifications': 0, 'nsfw': False, 'owner_id': '365914337052721152', 'icon': None, 'joined_at': '2021-04-20T12:44:18.118918+00:00', 'roles': [{'position': 0, 'permissions_new': '6546771521', 'permissions': 104320577, 'name': '@everyone', 'mentionable': False, 'managed': False, 'id': '831203085790478386', 'hoist': False, 'color': 0}, {'tags': {'bot_id': '831206619126824960'}, 'position': 2, 'permissions_new': '8', 'permissions': 8, 'name': 'ArcanaSoundBoard', 'mentionable': False, 'managed': True, 'id': '831218480413278250', 'hoist': False, 'color': 0}, {'position': 1, 'permissions_new': '8589410303', 'permissions': 2146959359, 'name': 'admin', 'mentionable': False, 'managed': False, 'id': '831553193204776980', 'hoist': False, 'color': 15844367}, {'tags': {'bot_id': '831551970300133429'}, 'position': 1, 'permissions_new': '8', 'permissions': 8, 'name': 'Currency', 'mentionable': False, 'managed': True, 'id': '834046821491802182', 'hoist': False, 'color': 0}], 'unavailable': False, 'presences': [], 'stage_instances': [], 'threads': [], 'premium_tier': 0, 'discovery_splash': None, 'id': '831203085790478386'}}
2021-04-20 17:46:36,895:DEBUG:discord.client: Dispatching event socket_response
2021-04-20 17:46:36,896:DEBUG:discord.client: Dispatching event guild_available
2021-04-20 17:46:36,897:DEBUG:discord.client: Dispatching event guild_available
2021-04-20 17:46:38,906:DEBUG:discord.client: Dispatching event ready
2021-04-20 17:46:38,909:DEBUG:discord.gateway: Sending "{"op":3,"d":{"game":{"flags":0,"type":3,"name":"the arcana discord as they slowly deteriorate\ud83d\ude33"},"afk":false,"since":0.0,"status":"online"}}" to change status
2021-04-20 17:46:38,909:DEBUG:discord.client: Dispatching event socket_raw_send
2021-04-20 17:47:17,775:DEBUG:discord.gateway: Keeping shard ID None websocket alive with sequence 3.
2021-04-20 17:47:18,129:DEBUG:discord.client: Dispatching event socket_raw_receive
2021-04-20 17:47:18,130:DEBUG:discord.gateway: For Shard ID None: WebSocket Event: {'t': None, 's': None, 'op': 11, 'd': None}
2021-04-20 17:47:18,130:DEBUG:discord.client: Dispatching event socket_response
2021-04-20 17:47:59,036:DEBUG:discord.gateway: Keeping shard ID None websocket alive with sequence 3.
2021-04-20 17:47:59,250:DEBUG:discord.client: Dispatching event socket_raw_receive
2021-04-20 17:47:59,250:DEBUG:discord.gateway: For Shard ID None: WebSocket Event: {'t': None, 's': None, 'op': 11, 'd': None}
2021-04-20 17:47:59,250:DEBUG:discord.client: Dispatching event socket_response
